<?xml version="1.0" encoding="utf-8"?><testsuites><testsuite name="pytest" errors="0" failures="0" skipped="0" tests="17" time="2.732" timestamp="2026-08-31T16:34:24.237251" hostname="sustech-ial-workstation-1"><testcase classname="tests.test_h1_window_mask_contract_v1" name="test_hand_computed_adversarial_masks[still-time]" time="0.001" /><testcase classname="tests.test_h1_window_mask_contract_v1" name="test_hand_computed_adversarial_masks[intertrial-gap]" time="0.000" /><testcase classname="tests.test_h1_window_mask_contract_v1" name="test_hand_computed_adversarial_masks[short-first-trial-padding]" time="0.000" /><testcase classname="tests.test_h1_window_mask_contract_v1" name="test_hand_computed_adversarial_masks[trial-change-mid-window]" time="0.000" /><testcase classname="tests.test_h1_window_mask_contract_v1" name="test_real_h1_width_700_preserves_padding_and_final_admission_invariant" time="0.006" /><testcase classname="tests.test_h1_window_mask_contract_v1" name="test_mask_and_digest_are_invariant_to_window_sampling_order" time="0.002" /><testcase classname="tests.test_h1_window_mask_contract_v1" name="test_mask_and_session_digest_are_deterministic" time="0.000" /><testcase classname="tests.test_h1_window_mask_contract_v1" name="test_auxiliary_loss_matches_dense_and_last_bin_boundaries" time="0.002" /><testcase classname="tests.test_h1_window_mask_contract_v1" name="test_opt_in_collation_preserves_existing_batch_field_bytes_and_order" time="0.001" /><testcase classname="tests.test_h1_window_mask_contract_v1" name="test_contract_rejects_non_admitted_or_ambiguous_windows[kwargs0-duplicates]" time="0.000" /><testcase classname="tests.test_h1_window_mask_contract_v1" name="test_contract_rejects_non_admitted_or_ambiguous_windows[kwargs1-out-of-bounds]" time="0.000" /><testcase classname="tests.test_h1_window_mask_contract_v1" name="test_contract_rejects_non_admitted_or_ambiguous_windows[kwargs2-legal final]" time="0.000" /><testcase classname="tests.test_h1_window_mask_contract_v1" name="test_cpu_contract_suite_does_not_initialize_cuda" time="0.000" /><testcase classname="tests.test_falcon_sampler" name="test_session_batch_sampler_uses_requested_seed_without_mixing_sessions" time="0.000" /><testcase classname="tests.test_falcon_sampler" name="test_session_batch_sampler_balances_sessions_without_changing_epoch_length" time="0.000" /><testcase classname="tests.test_falcon_sampler" name="test_session_batch_sampler_can_reshuffle_reproducibly_each_epoch" time="0.000" /><testcase classname="tests.test_falcon_sampler" name="test_session_batch_sampler_supports_tempered_balance_strength" time="0.000" /></testsuite></testsuites>